<?xml version="1.0" encoding="UTF-8"?>
<!-- Generated by org.testng.reporters.JUnitXMLReporter -->
<testsuite ignored="0" hostname="DESKTOP-AUJ1KT1" failures="0" tests="7" name="Test" time="0.033" errors="0" timestamp="2021-06-23T01:18:06 IST">
  <testcase classname="new_proj.Maven_proj.AppTest" name="shouldAnswerWithTrue" time="0.003"/>
  <testcase classname="new_proj.Maven_proj.SeleniumTest" name="BrowserAutomation" time="0.0"/>
  <testcase classname="new_proj.Maven_proj.SeleniumTest" name="ElementsUI" time="0.0"/>
  <testcase classname="new_proj.Maven_proj.AppiumTest" name="IOSApp" time="0.0"/>
  <testcase classname="new_proj.Maven_proj.AppiumTest" name="nativeAppAndroid" time="0.0"/>
  <testcase classname="new_proj.Maven_proj.RestAPITest" name="deleteTwitter" time="0.0"/>
  <testcase classname="new_proj.Maven_proj.RestAPITest" name="postJira" time="0.001"/>
</testsuite> <!-- Test -->
