<?xml version="1.0" encoding="UTF-8"?>
<testng-results ignored="0" total="7" passed="7" failed="0" skipped="0">
  <reporter-output>
  </reporter-output>
  <suite started-at="2021-06-23T01:18:06 IST" name="Suite" finished-at="2021-06-23T01:18:06 IST" duration-ms="33">
    <groups>
    </groups>
    <test started-at="2021-06-23T01:18:06 IST" name="Test" finished-at="2021-06-23T01:18:06 IST" duration-ms="33">
      <class name="new_proj.Maven_proj.AppTest">
        <test-method signature="shouldAnswerWithTrue()[pri:0, instance:new_proj.Maven_proj.AppTest@670002]" started-at="2021-06-23T01:18:06 IST" name="shouldAnswerWithTrue" finished-at="2021-06-23T01:18:06 IST" duration-ms="3" status="PASS">
          <reporter-output>
          </reporter-output>
        </test-method> <!-- shouldAnswerWithTrue -->
      </class> <!-- new_proj.Maven_proj.AppTest -->
      <class name="new_proj.Maven_proj.SeleniumTest">
        <test-method signature="BrowserAutomation()[pri:0, instance:new_proj.Maven_proj.SeleniumTest@65466a6a]" started-at="2021-06-23T01:18:06 IST" name="BrowserAutomation" finished-at="2021-06-23T01:18:06 IST" duration-ms="0" status="PASS">
          <reporter-output>
          </reporter-output>
        </test-method> <!-- BrowserAutomation -->
        <test-method signature="ElementsUI()[pri:0, instance:new_proj.Maven_proj.SeleniumTest@65466a6a]" started-at="2021-06-23T01:18:06 IST" name="ElementsUI" finished-at="2021-06-23T01:18:06 IST" duration-ms="0" status="PASS">
          <reporter-output>
          </reporter-output>
        </test-method> <!-- ElementsUI -->
      </class> <!-- new_proj.Maven_proj.SeleniumTest -->
      <class name="new_proj.Maven_proj.RestAPITest">
        <test-method signature="postJira()[pri:0, instance:new_proj.Maven_proj.RestAPITest@1534f01b]" started-at="2021-06-23T01:18:06 IST" name="postJira" finished-at="2021-06-23T01:18:06 IST" duration-ms="1" status="PASS">
          <reporter-output>
          </reporter-output>
        </test-method> <!-- postJira -->
        <test-method signature="deleteTwitter()[pri:0, instance:new_proj.Maven_proj.RestAPITest@1534f01b]" started-at="2021-06-23T01:18:06 IST" name="deleteTwitter" finished-at="2021-06-23T01:18:06 IST" duration-ms="0" status="PASS">
          <reporter-output>
          </reporter-output>
        </test-method> <!-- deleteTwitter -->
      </class> <!-- new_proj.Maven_proj.RestAPITest -->
      <class name="new_proj.Maven_proj.AppiumTest">
        <test-method signature="nativeAppAndroid()[pri:0, instance:new_proj.Maven_proj.AppiumTest@4ddced80]" started-at="2021-06-23T01:18:06 IST" name="nativeAppAndroid" finished-at="2021-06-23T01:18:06 IST" duration-ms="0" status="PASS">
          <reporter-output>
          </reporter-output>
        </test-method> <!-- nativeAppAndroid -->
        <test-method signature="IOSApp()[pri:0, instance:new_proj.Maven_proj.AppiumTest@4ddced80]" started-at="2021-06-23T01:18:06 IST" name="IOSApp" finished-at="2021-06-23T01:18:06 IST" duration-ms="0" status="PASS">
          <reporter-output>
          </reporter-output>
        </test-method> <!-- IOSApp -->
      </class> <!-- new_proj.Maven_proj.AppiumTest -->
    </test> <!-- Test -->
  </suite> <!-- Suite -->
</testng-results>
